\BOOKMARK [1][-]{section.1}{\376\377\143\021\142\030\147\157\117\134\124\301\162\171\160\271}{}% 1
\BOOKMARK [1][-]{section.2}{\376\377\147\054\230\171\166\356\140\035\215\357}{}% 2
\BOOKMARK [2][-]{subsection.2.1}{\376\377\213\277\214\010\154\325}{section.2}% 3
\BOOKMARK [2][-]{subsection.2.2}{\376\377\225\356\123\167\154\325}{section.2}% 4
\BOOKMARK [2][-]{subsection.2.3}{\376\377\167\345\117\341\210\114\225\356\123\167\140\035\215\357\124\214\166\356\166\204}{section.2}% 5
\BOOKMARK [2][-]{subsection.2.4}{\376\377\123\153\165\037\147\015\122\241\116\055\137\303\225\356\123\167\140\035\215\357\124\214\166\356\166\204}{section.2}% 6
\BOOKMARK [2][-]{subsection.2.5}{\376\377\134\105\154\021\213\277\214\010\140\035\215\357\124\214\166\356\166\204}{section.2}% 7
\BOOKMARK [2][-]{subsection.2.6}{\376\377\171\076\123\072\213\277\214\010\140\035\215\357\124\214\166\356\166\204}{section.2}% 8
\BOOKMARK [1][-]{section.3}{\376\377\213\241\122\022\123\330\146\364}{}% 9
\BOOKMARK [1][-]{section.4}{\376\377\176\323\147\234\122\006\147\220}{}% 10
\BOOKMARK [2][-]{subsection.4.1}{\376\377\134\105\154\021\213\277\214\010}{section.4}% 11
\BOOKMARK [2][-]{subsection.4.2}{\376\377\171\076\123\072\123\073\226\142\213\277\214\010}{section.4}% 12
\BOOKMARK [2][-]{subsection.4.3}{\376\377\134\105\131\324\117\032\213\277\214\010}{section.4}% 13
\BOOKMARK [1][-]{section.5}{\376\377\122\151\117\131\135\345\117\134}{}% 14
\BOOKMARK [2][-]{subsection.5.1}{\376\377\116\247\165\037\166\204\225\356\230\230}{section.5}% 15
\BOOKMARK [2][-]{subsection.5.2}{\376\377\116\272\124\130\121\167\117\123\133\211\143\222}{section.5}% 16
\BOOKMARK [1][-]{section.6}{\376\377\166\370\121\163\225\356\123\167\124\214\213\277\214\010\213\276\213\241}{}% 17
\BOOKMARK [2][-]{subsection.6.1}{\376\377\123\073\226\142\213\277\214\010\213\276\213\241}{section.6}% 18
\BOOKMARK [2][-]{subsection.6.2}{\376\377\134\105\131\324\117\032\213\277\214\010\213\276\213\241}{section.6}% 19
\BOOKMARK [2][-]{subsection.6.3}{\376\377\154\273\147\052\165\305\167\345\117\341\210\114\225\356\123\167}{section.6}% 20
\BOOKMARK [2][-]{subsection.6.4}{\376\377\134\105\154\021\213\277\214\010\225\356\230\230\213\276\213\241}{section.6}% 21
